2025-10-21 19:35:22,246 - INFO - [logger:39] - Logging configurado.
2025-10-21 19:35:23,300 - INFO - [main:31] - Iniciando aplicación QA_Tool...
2025-10-21 19:35:23,430 - INFO - [main_window:14] - Inicializando MainWindow...
2025-10-21 19:35:23,824 - INFO - [main_window:34] - Pestañas añadidas a la ventana.
2025-10-21 19:35:24,115 - INFO - [main:39] - Aplicación iniciada. Ejecutando loop de eventos.
2025-10-21 19:35:46,715 - INFO - [tab_calibracion:216] - Perfil guardado: nabil.json
2025-10-21 19:35:51,672 - INFO - [tab_calibracion:141] - Pantalla capturada: Size(width=1366, height=768)
2025-10-21 19:35:54,011 - DEBUG - [tab_calibracion:37] - Inicio de selección de área en PySide6.QtCore.QPoint(234, 55)
2025-10-21 19:35:54,114 - DEBUG - [tab_calibracion:50] - Área seleccionada: PySide6.QtCore.QRect(234, 55, 0, 0)
2025-10-21 19:35:54,467 - DEBUG - [tab_calibracion:37] - Inicio de selección de área en PySide6.QtCore.QPoint(217, 43)
2025-10-21 19:35:54,577 - DEBUG - [tab_calibracion:50] - Área seleccionada: PySide6.QtCore.QRect(217, 43, -1, -1)
2025-10-21 19:35:56,611 - DEBUG - [tab_calibracion:37] - Inicio de selección de área en PySide6.QtCore.QPoint(126, 282)
2025-10-21 19:35:56,697 - DEBUG - [tab_calibracion:50] - Área seleccionada: PySide6.QtCore.QRect(126, 282, 6, 1)
2025-10-21 19:35:57,026 - DEBUG - [tab_calibracion:37] - Inicio de selección de área en PySide6.QtCore.QPoint(157, 332)
2025-10-21 19:35:57,120 - DEBUG - [tab_calibracion:50] - Área seleccionada: PySide6.QtCore.QRect(157, 332, 2, 1)
2025-10-21 19:35:57,322 - DEBUG - [tab_calibracion:37] - Inicio de selección de área en PySide6.QtCore.QPoint(331, 335)
2025-10-21 19:35:57,424 - DEBUG - [tab_calibracion:50] - Área seleccionada: PySide6.QtCore.QRect(331, 335, 9, 1)
2025-10-21 19:35:57,595 - DEBUG - [tab_calibracion:37] - Inicio de selección de área en PySide6.QtCore.QPoint(325, 237)
2025-10-21 19:35:57,689 - DEBUG - [tab_calibracion:50] - Área seleccionada: PySide6.QtCore.QRect(325, 236, 0, 1)
2025-10-21 19:35:57,899 - DEBUG - [tab_calibracion:37] - Inicio de selección de área en PySide6.QtCore.QPoint(252, 222)
2025-10-21 19:35:58,025 - DEBUG - [tab_calibracion:50] - Área seleccionada: PySide6.QtCore.QRect(252, 222, -1, -1)
2025-10-21 19:35:58,635 - DEBUG - [tab_calibracion:37] - Inicio de selección de área en PySide6.QtCore.QPoint(255, 335)
2025-10-21 19:35:58,736 - DEBUG - [tab_calibracion:50] - Área seleccionada: PySide6.QtCore.QRect(255, 335, -1, -1)
2025-10-21 23:26:37,984 - INFO - [logger:39] - Logging configurado.
2025-10-21 23:26:38,986 - INFO - [main:31] - Iniciando aplicación QA_Tool...
2025-10-21 23:26:39,055 - INFO - [main_window:14] - Inicializando MainWindow...
2025-10-21 23:26:39,233 - INFO - [main_window:34] - Pestañas añadidas a la ventana.
2025-10-21 23:26:39,317 - INFO - [main:39] - Aplicación iniciada. Ejecutando loop de eventos.
2025-10-21 23:28:14,752 - INFO - [tab_calibracion:141] - Pantalla capturada: Size(width=1366, height=768)
2025-10-30 01:59:37,408 - INFO - [logger:39] - Logging configurado.
2025-10-30 01:59:40,576 - INFO - [main:31] - Iniciando aplicación QA_Tool...
2025-10-30 01:59:41,286 - INFO - [main_window:14] - Inicializando MainWindow...
2025-10-30 01:59:42,371 - INFO - [main_window:34] - Pestañas añadidas a la ventana.
2025-10-30 01:59:42,738 - INFO - [main:39] - Aplicación iniciada. Ejecutando loop de eventos.
2025-10-30 02:00:40,246 - INFO - [tab_calibracion:141] - Pantalla capturada: Size(width=1366, height=768)
2025-10-30 02:00:47,471 - WARNING - [tab_calibracion:172] - Intento de guardar zona sin nombre o área.
2025-10-30 02:01:05,525 - INFO - [tab_calibracion:162] - Imagen mock cargada: C:/Users/Fivencrarius/Pictures/Screenshots/Captura de pantalla (1).png
2025-10-30 02:01:24,104 - WARNING - [tab_calibracion:172] - Intento de guardar zona sin nombre o área.
2025-10-30 02:01:24,423 - WARNING - [tab_calibracion:172] - Intento de guardar zona sin nombre o área.
2025-10-30 02:01:29,504 - WARNING - [tab_calibracion:172] - Intento de guardar zona sin nombre o área.
2025-10-30 02:01:31,796 - INFO - [tab_calibracion:216] - Perfil guardado: nuevo_perfil.json
2025-10-30 02:07:49,479 - INFO - [logger:39] - Logging configurado.
2025-10-30 02:09:04,405 - INFO - [logger:39] - Logging configurado.
2025-10-30 02:09:05,513 - INFO - [main:31] - Iniciando aplicación QA_Tool...
2025-10-30 02:09:05,611 - INFO - [main_window:14] - Inicializando MainWindow...
2025-10-30 02:09:05,702 - INFO - [main_window:34] - Pestañas añadidas a la ventana.
2025-10-30 02:09:05,819 - INFO - [main:39] - Aplicación iniciada. Ejecutando loop de eventos.
2025-10-30 02:09:20,998 - INFO - [tab_calibracion:162] - Imagen mock cargada: C:/Users/Fivencrarius/Pictures/Screenshots/Captura de pantalla (1).png
2025-10-30 02:09:42,139 - INFO - [worker_automatizacion:44] - Hotkey de pánico registrada: ctrl+alt+q
2025-10-30 02:09:42,154 - CRITICAL - [worker_automatizacion:59] - Error: No se pudo cargar el perfil nabil.json
2025-10-30 02:09:50,471 - INFO - [worker_automatizacion:44] - Hotkey de pánico registrada: ctrl+alt+q
2025-10-30 02:09:50,498 - CRITICAL - [worker_automatizacion:59] - Error: No se pudo cargar el perfil nabil.json
2025-10-30 02:09:51,374 - INFO - [worker_automatizacion:44] - Hotkey de pánico registrada: ctrl+alt+q
2025-10-30 02:09:51,376 - CRITICAL - [worker_automatizacion:59] - Error: No se pudo cargar el perfil nabil.json
2025-10-30 02:09:57,519 - INFO - [worker_automatizacion:44] - Hotkey de pánico registrada: ctrl+alt+q
2025-10-30 02:09:57,541 - CRITICAL - [worker_automatizacion:59] - Error: No se pudo cargar el perfil nabil.json
2025-10-30 02:09:58,269 - INFO - [worker_automatizacion:44] - Hotkey de pánico registrada: ctrl+alt+q
2025-10-30 02:09:58,291 - CRITICAL - [worker_automatizacion:59] - Error: No se pudo cargar el perfil nabil.json
2025-10-30 02:09:58,783 - INFO - [worker_automatizacion:44] - Hotkey de pánico registrada: ctrl+alt+q
2025-10-30 02:09:58,811 - CRITICAL - [worker_automatizacion:59] - Error: No se pudo cargar el perfil nabil.json
2025-10-30 02:10:00,442 - INFO - [worker_automatizacion:44] - Hotkey de pánico registrada: ctrl+alt+q
2025-10-30 02:10:00,451 - CRITICAL - [worker_automatizacion:59] - Error: No se pudo cargar el perfil nabil.json
2025-10-30 02:10:04,638 - INFO - [worker_automatizacion:44] - Hotkey de pánico registrada: ctrl+alt+q
2025-10-30 02:10:04,641 - CRITICAL - [worker_automatizacion:59] - Error: No se pudo cargar el perfil nabil.json
2025-10-30 02:10:10,549 - INFO - [tab_calibracion:216] - Perfil guardado: nuevo_perfil.json
2025-10-30 02:10:12,751 - INFO - [worker_automatizacion:44] - Hotkey de pánico registrada: ctrl+alt+q
2025-10-30 02:10:12,754 - CRITICAL - [worker_automatizacion:59] - Error: No se pudo cargar el perfil nabil.json
2025-10-30 02:10:14,388 - INFO - [worker_automatizacion:44] - Hotkey de pánico registrada: ctrl+alt+q
2025-10-30 02:10:14,391 - CRITICAL - [worker_automatizacion:59] - Error: No se pudo cargar el perfil nabil.json
2025-10-30 02:10:14,757 - INFO - [worker_automatizacion:44] - Hotkey de pánico registrada: ctrl+alt+q
2025-10-30 02:10:14,765 - CRITICAL - [worker_automatizacion:59] - Error: No se pudo cargar el perfil nabil.json
2025-10-30 02:10:14,919 - INFO - [worker_automatizacion:44] - Hotkey de pánico registrada: ctrl+alt+q
2025-10-30 02:10:14,933 - CRITICAL - [worker_automatizacion:59] - Error: No se pudo cargar el perfil nabil.json
2025-10-30 02:13:39,725 - INFO - [logger:39] - Logging configurado.
2025-10-30 02:13:40,371 - INFO - [main:31] - Iniciando aplicación QA_Tool...
2025-10-30 02:13:40,508 - INFO - [main_window:14] - Inicializando MainWindow...
2025-10-30 02:13:40,585 - INFO - [main_window:34] - Pestañas añadidas a la ventana.
2025-10-30 02:13:40,755 - INFO - [main:39] - Aplicación iniciada. Ejecutando loop de eventos.
2025-10-30 02:13:51,293 - WARNING - [tab_calibracion:234] - No se pudo cargar el perfil nabil.json
2025-10-30 02:14:08,738 - INFO - [tab_calibracion:162] - Imagen mock cargada: D:/Abotpirates/Herramienta_QA_Local/test_images/Captura de pantalla (1).png
2025-10-30 02:14:17,111 - WARNING - [tab_calibracion:172] - Intento de guardar zona sin nombre o área.
2025-10-30 02:14:24,518 - DEBUG - [tab_calibracion:37] - Inicio de selección de área en PySide6.QtCore.QPoint(282, 126)
2025-10-30 02:14:25,217 - DEBUG - [tab_calibracion:50] - Área seleccionada: PySide6.QtCore.QRect(282, 126, 554, 380)
2025-10-30 02:14:27,973 - DEBUG - [tab_calibracion:37] - Inicio de selección de área en PySide6.QtCore.QPoint(212, 92)
2025-10-30 02:14:42,347 - DEBUG - [tab_calibracion:50] - Área seleccionada: PySide6.QtCore.QRect(212, 92, 748, 491)
2025-10-30 02:14:43,839 - INFO - [tab_calibracion:177] - Zona guardada: islapropia -> (212, 92, 748, 491)
2025-10-30 02:14:48,615 - WARNING - [tab_calibracion:234] - No se pudo cargar el perfil nabil.json
2025-10-30 02:14:52,803 - INFO - [worker_automatizacion:44] - Hotkey de pánico registrada: ctrl+alt+q
2025-10-30 02:14:52,827 - CRITICAL - [worker_automatizacion:59] - Error: No se pudo cargar el perfil nabil.json
2025-10-30 02:15:02,977 - INFO - [tab_calibracion:216] - Perfil guardado: liban.json
2025-10-30 02:15:05,439 - INFO - [tab_calibracion:232] - Perfil cargado: liban.json
2025-10-30 02:15:08,744 - INFO - [worker_automatizacion:44] - Hotkey de pánico registrada: ctrl+alt+q
2025-10-30 02:15:08,775 - CRITICAL - [worker_automatizacion:59] - Error: No se pudo cargar el perfil nabil.json
2025-10-30 02:15:09,673 - INFO - [worker_automatizacion:44] - Hotkey de pánico registrada: ctrl+alt+q
2025-10-30 02:15:09,680 - CRITICAL - [worker_automatizacion:59] - Error: No se pudo cargar el perfil nabil.json
2025-10-30 02:15:10,081 - INFO - [worker_automatizacion:44] - Hotkey de pánico registrada: ctrl+alt+q
2025-10-30 02:15:10,088 - CRITICAL - [worker_automatizacion:59] - Error: No se pudo cargar el perfil nabil.json
2025-10-30 02:15:10,240 - INFO - [worker_automatizacion:44] - Hotkey de pánico registrada: ctrl+alt+q
2025-10-30 02:15:10,251 - CRITICAL - [worker_automatizacion:59] - Error: No se pudo cargar el perfil nabil.json
2025-10-30 02:15:10,428 - INFO - [worker_automatizacion:44] - Hotkey de pánico registrada: ctrl+alt+q
2025-10-30 02:15:10,466 - CRITICAL - [worker_automatizacion:59] - Error: No se pudo cargar el perfil nabil.json
2025-10-30 02:15:11,054 - INFO - [worker_automatizacion:44] - Hotkey de pánico registrada: ctrl+alt+q
2025-10-30 02:15:11,075 - CRITICAL - [worker_automatizacion:59] - Error: No se pudo cargar el perfil nabil.json
2025-10-30 02:15:11,216 - INFO - [worker_automatizacion:44] - Hotkey de pánico registrada: ctrl+alt+q
2025-10-30 02:15:11,226 - CRITICAL - [worker_automatizacion:59] - Error: No se pudo cargar el perfil nabil.json
2025-10-30 02:15:23,524 - DEBUG - [tab_calibracion:37] - Inicio de selección de área en PySide6.QtCore.QPoint(376, 388)
2025-10-30 02:15:23,844 - DEBUG - [tab_calibracion:50] - Área seleccionada: PySide6.QtCore.QRect(376, 388, 69, 5)
2025-10-30 02:15:24,564 - DEBUG - [tab_calibracion:37] - Inicio de selección de área en PySide6.QtCore.QPoint(263, 95)
2025-10-30 02:15:24,826 - DEBUG - [tab_calibracion:50] - Área seleccionada: PySide6.QtCore.QRect(263, 92, 6, 3)
2025-10-30 02:15:25,052 - DEBUG - [tab_calibracion:37] - Inicio de selección de área en PySide6.QtCore.QPoint(265, 87)
2025-10-30 02:15:25,594 - DEBUG - [tab_calibracion:50] - Área seleccionada: PySide6.QtCore.QRect(265, 87, 143, 106)
2025-10-30 02:15:33,972 - DEBUG - [tab_calibracion:37] - Inicio de selección de área en PySide6.QtCore.QPoint(600, 244)
2025-10-30 02:15:34,836 - DEBUG - [tab_calibracion:50] - Área seleccionada: PySide6.QtCore.QRect(600, 244, 255, 216)
2025-10-30 02:15:36,495 - DEBUG - [tab_calibracion:37] - Inicio de selección de área en PySide6.QtCore.QPoint(371, 113)
2025-10-30 02:15:36,867 - DEBUG - [tab_calibracion:50] - Área seleccionada: PySide6.QtCore.QRect(371, 113, 683, 404)
2025-10-30 02:15:37,541 - DEBUG - [tab_calibracion:37] - Inicio de selección de área en PySide6.QtCore.QPoint(686, 429)
2025-10-30 02:15:37,916 - DEBUG - [tab_calibracion:50] - Área seleccionada: PySide6.QtCore.QRect(686, 274, 221, 155)
2025-10-30 02:15:38,221 - DEBUG - [tab_calibracion:37] - Inicio de selección de área en PySide6.QtCore.QPoint(843, 355)
2025-10-30 02:15:38,725 - DEBUG - [tab_calibracion:50] - Área seleccionada: PySide6.QtCore.QRect(509, 355, 334, 36)
2025-10-30 02:15:39,573 - DEBUG - [tab_calibracion:37] - Inicio de selección de área en PySide6.QtCore.QPoint(239, 132)
2025-10-30 02:15:40,228 - DEBUG - [tab_calibracion:50] - Área seleccionada: PySide6.QtCore.QRect(239, 132, 828, 457)
2025-10-30 02:15:41,069 - INFO - [tab_calibracion:177] - Zona guardada: islapropia -> (239, 132, 828, 457)
2025-10-30 02:15:43,962 - INFO - [tab_calibracion:232] - Perfil cargado: liban.json
2025-10-30 02:15:45,699 - INFO - [tab_calibracion:232] - Perfil cargado: liban.json
2025-10-30 02:15:45,841 - INFO - [tab_calibracion:232] - Perfil cargado: liban.json
2025-10-30 02:15:50,109 - INFO - [tab_calibracion:216] - Perfil guardado: liban.json
2025-10-30 02:15:52,289 - INFO - [tab_calibracion:232] - Perfil cargado: liban.json
2025-10-30 02:15:56,174 - WARNING - [tab_calibracion:234] - No se pudo cargar el perfil nabil.json
2025-10-30 02:15:59,502 - DEBUG - [tab_calibracion:37] - Inicio de selección de área en PySide6.QtCore.QPoint(304, 222)
2025-10-30 02:15:59,627 - DEBUG - [tab_calibracion:50] - Área seleccionada: PySide6.QtCore.QRect(304, 222, -1, -1)
2025-10-30 02:16:08,478 - DEBUG - [tab_calibracion:37] - Inicio de selección de área en PySide6.QtCore.QPoint(336, 215)
2025-10-30 02:16:10,435 - DEBUG - [tab_calibracion:50] - Área seleccionada: PySide6.QtCore.QRect(336, 215, 623, 312)
2025-10-30 02:16:12,117 - INFO - [tab_calibracion:177] - Zona guardada: ilsa -> (336, 215, 623, 312)
2025-10-30 02:16:16,886 - INFO - [tab_calibracion:216] - Perfil guardado: libanaa.json
2025-10-30 02:16:18,283 - INFO - [tab_calibracion:232] - Perfil cargado: libanaa.json
2025-10-30 02:16:20,683 - INFO - [tab_calibracion:232] - Perfil cargado: liban.json
2025-10-30 02:16:22,554 - INFO - [tab_calibracion:232] - Perfil cargado: libanaa.json
2025-10-30 02:16:25,516 - INFO - [worker_automatizacion:44] - Hotkey de pánico registrada: ctrl+alt+q
2025-10-30 02:16:25,534 - CRITICAL - [worker_automatizacion:59] - Error: No se pudo cargar el perfil nabil.json
2025-10-30 02:16:27,008 - INFO - [worker_automatizacion:44] - Hotkey de pánico registrada: ctrl+alt+q
2025-10-30 02:16:27,017 - CRITICAL - [worker_automatizacion:59] - Error: No se pudo cargar el perfil nabil.json
2025-10-30 02:16:27,723 - INFO - [worker_automatizacion:44] - Hotkey de pánico registrada: ctrl+alt+q
2025-10-30 02:16:27,727 - CRITICAL - [worker_automatizacion:59] - Error: No se pudo cargar el perfil nabil.json
2025-10-30 02:16:28,179 - INFO - [worker_automatizacion:44] - Hotkey de pánico registrada: ctrl+alt+q
2025-10-30 02:16:28,195 - CRITICAL - [worker_automatizacion:59] - Error: No se pudo cargar el perfil nabil.json
2025-10-30 02:17:11,352 - INFO - [logger:39] - Logging configurado.
2025-10-30 02:17:12,273 - INFO - [main:31] - Iniciando aplicación QA_Tool...
2025-10-30 02:17:12,407 - INFO - [main_window:14] - Inicializando MainWindow...
2025-10-30 02:17:12,518 - INFO - [main_window:34] - Pestañas añadidas a la ventana.
2025-10-30 02:17:12,774 - INFO - [main:39] - Aplicación iniciada. Ejecutando loop de eventos.
2025-10-30 02:17:16,620 - INFO - [tab_calibracion:232] - Perfil cargado: liban.json
2025-10-30 02:17:22,552 - INFO - [tab_calibracion:162] - Imagen mock cargada: D:/Abotpirates/Herramienta_QA_Local/test_images/Captura de pantalla (1).png
2025-10-30 02:17:25,403 - INFO - [tab_calibracion:232] - Perfil cargado: liban.json
2025-10-30 02:17:34,880 - INFO - [worker_automatizacion:44] - Hotkey de pánico registrada: ctrl+alt+q
2025-10-30 02:17:34,894 - INFO - [simulacion:13] - SimulationManager inicializado.
2025-10-30 02:17:35,995 - DEBUG - [worker_automatizacion:129] - 'BotonReparar' no encontrado.
2025-10-30 02:17:35,996 - DEBUG - [controles:57] - Esperando 0.80 segundos...
2025-10-30 02:17:58,083 - INFO - [worker_automatizacion:164] - Hotkey de pánico des-registrada.
2025-10-30 02:18:02,690 - INFO - [worker_automatizacion:44] - Hotkey de pánico registrada: ctrl+alt+q
2025-10-30 02:18:02,782 - INFO - [simulacion:13] - SimulationManager inicializado.
2025-10-30 02:18:03,603 - DEBUG - [worker_automatizacion:129] - 'PataPicoAmarillo' no encontrado.
2025-10-30 02:18:03,609 - DEBUG - [controles:57] - Esperando 0.76 segundos...
2025-10-30 02:18:04,885 - DEBUG - [worker_automatizacion:129] - 'PataPicoAmarillo' no encontrado.
2025-10-30 02:18:04,886 - DEBUG - [controles:57] - Esperando 0.94 segundos...
2025-10-30 02:18:06,481 - DEBUG - [worker_automatizacion:129] - 'PataPicoAmarillo' no encontrado.
2025-10-30 02:18:06,482 - DEBUG - [controles:57] - Esperando 0.67 segundos...
2025-10-30 02:18:07,520 - DEBUG - [worker_automatizacion:129] - 'PataPicoAmarillo' no encontrado.
2025-10-30 02:18:07,526 - DEBUG - [controles:57] - Esperando 0.59 segundos...
2025-10-30 02:18:09,639 - DEBUG - [worker_automatizacion:129] - 'PataPicoAmarillo' no encontrado.
2025-10-30 02:18:09,640 - DEBUG - [controles:57] - Esperando 0.63 segundos...
2025-10-30 02:18:11,388 - DEBUG - [worker_automatizacion:129] - 'PataPicoAmarillo' no encontrado.
2025-10-30 02:18:11,436 - DEBUG - [controles:57] - Esperando 0.80 segundos...
2025-10-30 02:18:13,598 - DEBUG - [worker_automatizacion:129] - 'PataPicoAmarillo' no encontrado.
2025-10-30 02:18:13,599 - DEBUG - [controles:57] - Esperando 0.76 segundos...
2025-10-30 02:18:15,023 - DEBUG - [worker_automatizacion:129] - 'PataPicoAmarillo' no encontrado.
2025-10-30 02:18:15,024 - DEBUG - [controles:57] - Esperando 0.79 segundos...
2025-10-30 02:18:16,527 - DEBUG - [worker_automatizacion:129] - 'PataPicoAmarillo' no encontrado.
2025-10-30 02:18:16,536 - DEBUG - [controles:57] - Esperando 0.64 segundos...
2025-10-30 02:18:17,767 - DEBUG - [worker_automatizacion:129] - 'PataPicoAmarillo' no encontrado.
2025-10-30 02:18:17,768 - DEBUG - [controles:57] - Esperando 0.65 segundos...
2025-10-30 02:18:18,975 - DEBUG - [worker_automatizacion:129] - 'PataPicoAmarillo' no encontrado.
2025-10-30 02:18:18,981 - DEBUG - [controles:57] - Esperando 0.63 segundos...
2025-10-30 02:18:20,140 - DEBUG - [worker_automatizacion:129] - 'PataPicoAmarillo' no encontrado.
2025-10-30 02:18:20,175 - DEBUG - [controles:57] - Esperando 0.85 segundos...
2025-10-30 02:18:21,562 - DEBUG - [worker_automatizacion:129] - 'PataPicoAmarillo' no encontrado.
2025-10-30 02:18:21,563 - DEBUG - [controles:57] - Esperando 0.61 segundos...
2025-10-30 02:18:22,761 - DEBUG - [worker_automatizacion:129] - 'PataPicoAmarillo' no encontrado.
2025-10-30 02:18:22,827 - DEBUG - [controles:57] - Esperando 0.88 segundos...
2025-10-30 02:18:24,191 - DEBUG - [worker_automatizacion:129] - 'PataPicoAmarillo' no encontrado.
2025-10-30 02:18:24,200 - DEBUG - [controles:57] - Esperando 0.67 segundos...
2025-10-30 02:18:25,353 - DEBUG - [worker_automatizacion:129] - 'PataPicoAmarillo' no encontrado.
2025-10-30 02:18:25,380 - DEBUG - [controles:57] - Esperando 0.60 segundos...
2025-10-30 02:18:26,543 - DEBUG - [worker_automatizacion:129] - 'PataPicoAmarillo' no encontrado.
2025-10-30 02:18:26,560 - DEBUG - [controles:57] - Esperando 0.89 segundos...
2025-10-30 02:18:27,983 - DEBUG - [worker_automatizacion:129] - 'PataPicoAmarillo' no encontrado.
2025-10-30 02:18:27,984 - DEBUG - [controles:57] - Esperando 0.76 segundos...
2025-10-30 02:18:29,298 - DEBUG - [worker_automatizacion:129] - 'PataPicoAmarillo' no encontrado.
2025-10-30 02:18:29,342 - DEBUG - [controles:57] - Esperando 0.64 segundos...
2025-10-30 02:18:30,406 - DEBUG - [worker_automatizacion:129] - 'PataPicoAmarillo' no encontrado.
2025-10-30 02:18:30,406 - DEBUG - [controles:57] - Esperando 0.54 segundos...
2025-10-30 02:18:31,328 - DEBUG - [worker_automatizacion:129] - 'PataPicoAmarillo' no encontrado.
2025-10-30 02:18:31,330 - DEBUG - [controles:57] - Esperando 0.84 segundos...
2025-10-30 02:18:32,738 - DEBUG - [worker_automatizacion:129] - 'PataPicoAmarillo' no encontrado.
2025-10-30 02:18:32,739 - DEBUG - [controles:57] - Esperando 0.82 segundos...
2025-10-30 02:18:34,068 - DEBUG - [worker_automatizacion:129] - 'PataPicoAmarillo' no encontrado.
2025-10-30 02:18:34,069 - DEBUG - [controles:57] - Esperando 0.90 segundos...
2025-10-30 02:18:35,562 - DEBUG - [worker_automatizacion:129] - 'PataPicoAmarillo' no encontrado.
2025-10-30 02:18:35,563 - DEBUG - [controles:57] - Esperando 0.54 segundos...
2025-10-30 02:18:36,842 - DEBUG - [worker_automatizacion:129] - 'PataPicoAmarillo' no encontrado.
2025-10-30 02:18:36,843 - DEBUG - [controles:57] - Esperando 0.65 segundos...
2025-10-30 02:18:37,905 - DEBUG - [worker_automatizacion:129] - 'PataPicoAmarillo' no encontrado.
2025-10-30 02:18:37,928 - DEBUG - [controles:57] - Esperando 0.61 segundos...
2025-10-30 02:18:38,923 - DEBUG - [worker_automatizacion:129] - 'PataPicoAmarillo' no encontrado.
2025-10-30 02:18:38,936 - DEBUG - [controles:57] - Esperando 0.57 segundos...
2025-10-30 02:18:39,892 - DEBUG - [worker_automatizacion:129] - 'PataPicoAmarillo' no encontrado.
2025-10-30 02:18:39,899 - DEBUG - [controles:57] - Esperando 0.95 segundos...
2025-10-30 02:18:41,265 - DEBUG - [worker_automatizacion:129] - 'PataPicoAmarillo' no encontrado.
2025-10-30 02:18:41,278 - DEBUG - [controles:57] - Esperando 0.60 segundos...
2025-10-30 02:18:42,250 - DEBUG - [worker_automatizacion:129] - 'PataPicoAmarillo' no encontrado.
2025-10-30 02:18:42,265 - DEBUG - [controles:57] - Esperando 0.81 segundos...
2025-10-30 02:18:43,646 - DEBUG - [worker_automatizacion:129] - 'PataPicoAmarillo' no encontrado.
2025-10-30 02:18:43,647 - DEBUG - [controles:57] - Esperando 0.63 segundos...
2025-10-30 02:18:44,863 - DEBUG - [worker_automatizacion:129] - 'PataPicoAmarillo' no encontrado.
2025-10-30 02:18:44,864 - DEBUG - [controles:57] - Esperando 0.93 segundos...
2025-10-30 02:18:46,499 - DEBUG - [worker_automatizacion:129] - 'PataPicoAmarillo' no encontrado.
2025-10-30 02:18:46,499 - DEBUG - [controles:57] - Esperando 0.66 segundos...
2025-10-30 02:18:47,974 - DEBUG - [worker_automatizacion:129] - 'PataPicoAmarillo' no encontrado.
2025-10-30 02:18:47,975 - DEBUG - [controles:57] - Esperando 0.64 segundos...
2025-10-30 02:18:49,100 - DEBUG - [worker_automatizacion:129] - 'PataPicoAmarillo' no encontrado.
2025-10-30 02:18:49,113 - DEBUG - [controles:57] - Esperando 0.52 segundos...
2025-10-30 02:18:50,111 - DEBUG - [worker_automatizacion:129] - 'PataPicoAmarillo' no encontrado.
2025-10-30 02:18:50,112 - DEBUG - [controles:57] - Esperando 0.80 segundos...
2025-10-30 02:18:51,329 - DEBUG - [worker_automatizacion:129] - 'PataPicoAmarillo' no encontrado.
2025-10-30 02:18:51,335 - DEBUG - [controles:57] - Esperando 0.89 segundos...
2025-10-30 02:18:52,658 - DEBUG - [worker_automatizacion:129] - 'PataPicoAmarillo' no encontrado.
2025-10-30 02:18:52,678 - DEBUG - [controles:57] - Esperando 0.72 segundos...
2025-10-30 02:18:53,748 - DEBUG - [worker_automatizacion:129] - 'PataPicoAmarillo' no encontrado.
2025-10-30 02:18:53,789 - DEBUG - [controles:57] - Esperando 0.84 segundos...
2025-10-30 02:18:55,019 - DEBUG - [tab_calibracion:37] - Inicio de selección de área en PySide6.QtCore.QPoint(175, 55)
2025-10-30 02:18:55,030 - DEBUG - [worker_automatizacion:129] - 'PataPicoAmarillo' no encontrado.
2025-10-30 02:18:55,036 - DEBUG - [controles:57] - Esperando 0.52 segundos...
2025-10-30 02:18:56,057 - DEBUG - [worker_automatizacion:129] - 'PataPicoAmarillo' no encontrado.
2025-10-30 02:18:56,058 - DEBUG - [controles:57] - Esperando 0.62 segundos...
2025-10-30 02:18:56,642 - DEBUG - [tab_calibracion:50] - Área seleccionada: PySide6.QtCore.QRect(175, 55, 958, 566)
2025-10-30 02:18:57,069 - DEBUG - [worker_automatizacion:129] - 'PataPicoAmarillo' no encontrado.
2025-10-30 02:18:57,069 - DEBUG - [controles:57] - Esperando 0.93 segundos...
2025-10-30 02:18:58,400 - DEBUG - [worker_automatizacion:129] - 'PataPicoAmarillo' no encontrado.
2025-10-30 02:18:58,402 - DEBUG - [controles:57] - Esperando 0.59 segundos...
2025-10-30 02:18:59,431 - DEBUG - [worker_automatizacion:129] - 'PataPicoAmarillo' no encontrado.
2025-10-30 02:18:59,432 - DEBUG - [controles:57] - Esperando 0.94 segundos...
2025-10-30 02:19:00,784 - DEBUG - [worker_automatizacion:129] - 'PataPicoAmarillo' no encontrado.
2025-10-30 02:19:00,785 - DEBUG - [controles:57] - Esperando 0.51 segundos...
2025-10-30 02:19:00,949 - INFO - [tab_calibracion:177] - Zona guardada: ej: BotonCambiarPantalla -> (175, 55, 958, 566)
2025-10-30 02:19:01,676 - DEBUG - [worker_automatizacion:129] - 'PataPicoAmarillo' no encontrado.
2025-10-30 02:19:01,676 - DEBUG - [controles:57] - Esperando 0.91 segundos...
2025-10-30 02:19:03,014 - DEBUG - [worker_automatizacion:129] - 'PataPicoAmarillo' no encontrado.
2025-10-30 02:19:03,015 - DEBUG - [controles:57] - Esperando 0.68 segundos...
2025-10-30 02:19:04,092 - DEBUG - [worker_automatizacion:129] - 'PataPicoAmarillo' no encontrado.
2025-10-30 02:19:04,098 - DEBUG - [controles:57] - Esperando 0.72 segundos...
2025-10-30 02:19:05,289 - DEBUG - [worker_automatizacion:129] - 'PataPicoAmarillo' no encontrado.
2025-10-30 02:19:05,307 - DEBUG - [controles:57] - Esperando 0.74 segundos...
2025-10-30 02:19:06,469 - DEBUG - [worker_automatizacion:129] - 'PataPicoAmarillo' no encontrado.
2025-10-30 02:19:06,486 - DEBUG - [controles:57] - Esperando 0.76 segundos...
2025-10-30 02:19:07,648 - DEBUG - [worker_automatizacion:129] - 'PataPicoAmarillo' no encontrado.
2025-10-30 02:19:07,664 - DEBUG - [controles:57] - Esperando 0.95 segundos...
2025-10-30 02:19:08,922 - INFO - [worker_automatizacion:164] - Hotkey de pánico des-registrada.
2025-10-30 02:19:08,971 - DEBUG - [worker_automatizacion:129] - 'PataPicoAmarillo' no encontrado.
2025-10-30 02:19:08,989 - DEBUG - [controles:57] - Esperando 0.64 segundos...
2025-10-30 02:19:09,649 - INFO - [worker_automatizacion:153] - Prueba finalizada (tiempo agotado o detenida).
2025-10-30 02:19:11,463 - INFO - [worker_automatizacion:44] - Hotkey de pánico registrada: ctrl+alt+q
2025-10-30 02:19:11,572 - INFO - [simulacion:13] - SimulationManager inicializado.
2025-10-30 02:19:11,957 - DEBUG - [worker_automatizacion:129] - 'PataPicoAmarillo' no encontrado.
2025-10-30 02:19:11,976 - DEBUG - [controles:57] - Esperando 0.63 segundos...
2025-10-30 02:19:13,249 - DEBUG - [worker_automatizacion:129] - 'PataPicoAmarillo' no encontrado.
2025-10-30 02:19:13,258 - DEBUG - [controles:57] - Esperando 0.93 segundos...
2025-10-30 02:19:14,708 - DEBUG - [worker_automatizacion:129] - 'PataPicoAmarillo' no encontrado.
2025-10-30 02:19:14,708 - DEBUG - [controles:57] - Esperando 0.96 segundos...
2025-10-30 02:19:16,207 - DEBUG - [worker_automatizacion:129] - 'PataPicoAmarillo' no encontrado.
2025-10-30 02:19:16,214 - DEBUG - [controles:57] - Esperando 0.63 segundos...
2025-10-30 02:19:17,313 - DEBUG - [worker_automatizacion:129] - 'PataPicoAmarillo' no encontrado.
2025-10-30 02:19:17,319 - DEBUG - [controles:57] - Esperando 0.62 segundos...
2025-10-30 02:19:18,320 - DEBUG - [worker_automatizacion:129] - 'PataPicoAmarillo' no encontrado.
2025-10-30 02:19:18,339 - DEBUG - [controles:57] - Esperando 0.69 segundos...
2025-10-30 02:19:19,394 - DEBUG - [worker_automatizacion:129] - 'PataPicoAmarillo' no encontrado.
2025-10-30 02:19:19,395 - DEBUG - [controles:57] - Esperando 0.99 segundos...
2025-10-30 02:19:20,757 - DEBUG - [worker_automatizacion:129] - 'PataPicoAmarillo' no encontrado.
2025-10-30 02:19:20,780 - DEBUG - [controles:57] - Esperando 0.83 segundos...
2025-10-30 02:19:22,000 - DEBUG - [worker_automatizacion:129] - 'PataPicoAmarillo' no encontrado.
2025-10-30 02:19:22,012 - DEBUG - [controles:57] - Esperando 0.88 segundos...
2025-10-30 02:19:23,284 - DEBUG - [worker_automatizacion:129] - 'PataPicoAmarillo' no encontrado.
2025-10-30 02:19:23,285 - DEBUG - [controles:57] - Esperando 0.84 segundos...
2025-10-30 02:19:24,589 - DEBUG - [worker_automatizacion:129] - 'PataPicoAmarillo' no encontrado.
2025-10-30 02:19:24,589 - DEBUG - [controles:57] - Esperando 0.71 segundos...
2025-10-30 02:19:25,723 - DEBUG - [worker_automatizacion:129] - 'PataPicoAmarillo' no encontrado.
2025-10-30 02:19:25,729 - DEBUG - [controles:57] - Esperando 0.50 segundos...
2025-10-30 02:19:26,598 - DEBUG - [worker_automatizacion:129] - 'PataPicoAmarillo' no encontrado.
2025-10-30 02:19:26,598 - DEBUG - [controles:57] - Esperando 0.80 segundos...
2025-10-30 02:19:27,857 - DEBUG - [worker_automatizacion:129] - 'PataPicoAmarillo' no encontrado.
2025-10-30 02:19:27,858 - DEBUG - [controles:57] - Esperando 0.76 segundos...
2025-10-30 02:19:28,669 - DEBUG - [tab_calibracion:37] - Inicio de selección de área en PySide6.QtCore.QPoint(377, 332)
2025-10-30 02:19:28,781 - DEBUG - [tab_calibracion:50] - Área seleccionada: PySide6.QtCore.QRect(377, 332, -1, -1)
2025-10-30 02:19:28,986 - DEBUG - [worker_automatizacion:129] - 'PataPicoAmarillo' no encontrado.
2025-10-30 02:19:28,986 - DEBUG - [controles:57] - Esperando 0.51 segundos...
2025-10-30 02:19:29,640 - DEBUG - [tab_calibracion:37] - Inicio de selección de área en PySide6.QtCore.QPoint(370, 334)
2025-10-30 02:19:29,751 - DEBUG - [tab_calibracion:50] - Área seleccionada: PySide6.QtCore.QRect(370, 334, -1, -1)
2025-10-30 02:19:29,916 - DEBUG - [worker_automatizacion:129] - 'PataPicoAmarillo' no encontrado.
2025-10-30 02:19:29,927 - DEBUG - [controles:57] - Esperando 0.70 segundos...
2025-10-30 02:19:30,433 - DEBUG - [tab_calibracion:37] - Inicio de selección de área en PySide6.QtCore.QPoint(303, 274)
2025-10-30 02:19:30,704 - DEBUG - [tab_calibracion:50] - Área seleccionada: PySide6.QtCore.QRect(303, 274, 183, 108)
2025-10-30 02:19:30,990 - DEBUG - [worker_automatizacion:129] - 'PataPicoAmarillo' no encontrado.
2025-10-30 02:19:31,004 - DEBUG - [controles:57] - Esperando 0.95 segundos...
2025-10-30 02:19:32,103 - DEBUG - [tab_calibracion:37] - Inicio de selección de área en PySide6.QtCore.QPoint(166, 53)
2025-10-30 02:19:32,366 - DEBUG - [worker_automatizacion:129] - 'PataPicoAmarillo' no encontrado.
2025-10-30 02:19:32,367 - DEBUG - [controles:57] - Esperando 0.72 segundos...
2025-10-30 02:19:33,157 - DEBUG - [tab_calibracion:50] - Área seleccionada: PySide6.QtCore.QRect(166, 53, 941, 538)
2025-10-30 02:19:33,542 - DEBUG - [worker_automatizacion:129] - 'PataPicoAmarillo' no encontrado.
2025-10-30 02:19:33,543 - DEBUG - [controles:57] - Esperando 0.99 segundos...
2025-10-30 02:19:34,986 - DEBUG - [worker_automatizacion:129] - 'PataPicoAmarillo' no encontrado.
2025-10-30 02:19:34,986 - DEBUG - [controles:57] - Esperando 0.75 segundos...
2025-10-30 02:19:35,177 - INFO - [tab_calibracion:177] - Zona guardada: ej: BotonCambiarPantalla -> (166, 53, 941, 538)
2025-10-30 02:19:36,132 - DEBUG - [worker_automatizacion:129] - 'PataPicoAmarillo' no encontrado.
2025-10-30 02:19:36,133 - DEBUG - [controles:57] - Esperando 0.97 segundos...
2025-10-30 02:19:37,512 - DEBUG - [worker_automatizacion:129] - 'PataPicoAmarillo' no encontrado.
2025-10-30 02:19:37,519 - DEBUG - [controles:57] - Esperando 0.63 segundos...
2025-10-30 02:19:38,916 - DEBUG - [worker_automatizacion:129] - 'PataPicoAmarillo' no encontrado.
2025-10-30 02:19:38,916 - DEBUG - [controles:57] - Esperando 0.60 segundos...
2025-10-30 02:19:40,016 - DEBUG - [worker_automatizacion:129] - 'PataPicoAmarillo' no encontrado.
2025-10-30 02:19:40,026 - DEBUG - [controles:57] - Esperando 0.53 segundos...
2025-10-30 02:19:41,052 - DEBUG - [worker_automatizacion:129] - 'PataPicoAmarillo' no encontrado.
2025-10-30 02:19:41,104 - DEBUG - [controles:57] - Esperando 0.53 segundos...
2025-10-30 02:19:42,194 - DEBUG - [worker_automatizacion:129] - 'PataPicoAmarillo' no encontrado.
2025-10-30 02:19:42,195 - DEBUG - [controles:57] - Esperando 0.78 segundos...
2025-10-30 02:19:43,638 - DEBUG - [worker_automatizacion:129] - 'PataPicoAmarillo' no encontrado.
2025-10-30 02:19:43,639 - DEBUG - [controles:57] - Esperando 0.57 segundos...
2025-10-30 02:19:44,685 - DEBUG - [worker_automatizacion:129] - 'PataPicoAmarillo' no encontrado.
2025-10-30 02:19:44,693 - DEBUG - [controles:57] - Esperando 0.92 segundos...
2025-10-30 02:19:46,079 - DEBUG - [worker_automatizacion:129] - 'PataPicoAmarillo' no encontrado.
2025-10-30 02:19:46,092 - DEBUG - [controles:57] - Esperando 0.73 segundos...
2025-10-30 02:19:47,188 - DEBUG - [worker_automatizacion:129] - 'PataPicoAmarillo' no encontrado.
2025-10-30 02:19:47,195 - DEBUG - [controles:57] - Esperando 0.66 segundos...
2025-10-30 02:19:48,283 - DEBUG - [worker_automatizacion:129] - 'PataPicoAmarillo' no encontrado.
2025-10-30 02:19:48,325 - DEBUG - [controles:57] - Esperando 0.66 segundos...
2025-10-30 02:19:49,533 - DEBUG - [worker_automatizacion:129] - 'PataPicoAmarillo' no encontrado.
2025-10-30 02:19:49,538 - DEBUG - [controles:57] - Esperando 0.52 segundos...
2025-10-30 02:19:50,395 - DEBUG - [worker_automatizacion:129] - 'PataPicoAmarillo' no encontrado.
2025-10-30 02:19:50,408 - DEBUG - [controles:57] - Esperando 0.76 segundos...
2025-10-30 02:19:51,729 - DEBUG - [worker_automatizacion:129] - 'PataPicoAmarillo' no encontrado.
2025-10-30 02:19:51,731 - DEBUG - [controles:57] - Esperando 0.54 segundos...
2025-10-30 02:19:53,011 - DEBUG - [worker_automatizacion:129] - 'PataPicoAmarillo' no encontrado.
2025-10-30 02:19:53,027 - DEBUG - [controles:57] - Esperando 0.88 segundos...
2025-10-30 02:19:54,286 - DEBUG - [worker_automatizacion:129] - 'PataPicoAmarillo' no encontrado.
2025-10-30 02:19:54,286 - DEBUG - [controles:57] - Esperando 0.58 segundos...
2025-10-30 02:19:55,249 - DEBUG - [worker_automatizacion:129] - 'PataPicoAmarillo' no encontrado.
2025-10-30 02:19:55,261 - DEBUG - [controles:57] - Esperando 0.53 segundos...
2025-10-30 02:19:56,154 - DEBUG - [worker_automatizacion:129] - 'PataPicoAmarillo' no encontrado.
2025-10-30 02:19:56,167 - DEBUG - [controles:57] - Esperando 0.52 segundos...
2025-10-30 02:19:57,170 - DEBUG - [worker_automatizacion:129] - 'PataPicoAmarillo' no encontrado.
2025-10-30 02:19:57,188 - DEBUG - [controles:57] - Esperando 0.89 segundos...
2025-10-30 02:19:58,529 - DEBUG - [worker_automatizacion:129] - 'PataPicoAmarillo' no encontrado.
2025-10-30 02:19:58,536 - DEBUG - [controles:57] - Esperando 0.69 segundos...
2025-10-30 02:19:59,760 - DEBUG - [worker_automatizacion:129] - 'PataPicoAmarillo' no encontrado.
2025-10-30 02:19:59,791 - DEBUG - [controles:57] - Esperando 0.53 segundos...
2025-10-30 02:20:00,709 - DEBUG - [worker_automatizacion:129] - 'PataPicoAmarillo' no encontrado.
2025-10-30 02:20:00,716 - DEBUG - [controles:57] - Esperando 0.83 segundos...
2025-10-30 02:20:00,968 - INFO - [tab_calibracion:141] - Pantalla capturada: Size(width=1366, height=768)
2025-10-30 02:20:01,949 - DEBUG - [worker_automatizacion:129] - 'PataPicoAmarillo' no encontrado.
2025-10-30 02:20:01,961 - DEBUG - [controles:57] - Esperando 0.77 segundos...
2025-10-30 02:20:03,172 - DEBUG - [worker_automatizacion:129] - 'PataPicoAmarillo' no encontrado.
2025-10-30 02:20:03,172 - DEBUG - [controles:57] - Esperando 0.93 segundos...
2025-10-30 02:20:04,501 - DEBUG - [worker_automatizacion:129] - 'PataPicoAmarillo' no encontrado.
2025-10-30 02:20:04,502 - DEBUG - [controles:57] - Esperando 0.90 segundos...
2025-10-30 02:20:05,833 - DEBUG - [worker_automatizacion:129] - 'PataPicoAmarillo' no encontrado.
2025-10-30 02:20:05,854 - DEBUG - [controles:57] - Esperando 0.88 segundos...
2025-10-30 02:20:07,187 - DEBUG - [worker_automatizacion:129] - 'PataPicoAmarillo' no encontrado.
2025-10-30 02:20:07,217 - DEBUG - [controles:57] - Esperando 0.70 segundos...
2025-10-30 02:20:07,661 - DEBUG - [tab_calibracion:37] - Inicio de selección de área en PySide6.QtCore.QPoint(196, 2)
2025-10-30 02:20:08,369 - DEBUG - [worker_automatizacion:129] - 'PataPicoAmarillo' no encontrado.
2025-10-30 02:20:08,376 - DEBUG - [controles:57] - Esperando 0.83 segundos...
2025-10-30 02:20:08,806 - DEBUG - [tab_calibracion:50] - Área seleccionada: PySide6.QtCore.QRect(196, 2, 838, 333)
2025-10-30 02:20:09,616 - DEBUG - [worker_automatizacion:129] - 'PataPicoAmarillo' no encontrado.
2025-10-30 02:20:09,648 - DEBUG - [controles:57] - Esperando 0.87 segundos...
2025-10-30 02:20:09,752 - INFO - [tab_calibracion:177] - Zona guardada: ej: BotonCambiarPantalla -> (196, 2, 838, 333)
2025-10-30 02:20:11,357 - DEBUG - [worker_automatizacion:129] - 'PataPicoAmarillo' no encontrado.
2025-10-30 02:20:11,357 - DEBUG - [controles:57] - Esperando 0.89 segundos...
2025-10-30 02:20:12,892 - DEBUG - [worker_automatizacion:129] - 'PataPicoAmarillo' no encontrado.
2025-10-30 02:20:12,915 - DEBUG - [controles:57] - Esperando 0.73 segundos...
2025-10-30 02:20:14,033 - DEBUG - [worker_automatizacion:129] - 'PataPicoAmarillo' no encontrado.
2025-10-30 02:20:14,056 - DEBUG - [controles:57] - Esperando 0.61 segundos...
2025-10-30 02:20:15,001 - DEBUG - [worker_automatizacion:129] - 'PataPicoAmarillo' no encontrado.
2025-10-30 02:20:15,029 - DEBUG - [controles:57] - Esperando 0.90 segundos...
2025-10-30 02:20:15,747 - INFO - [tab_calibracion:216] - Perfil guardado: liban.json
2025-10-30 02:20:16,321 - DEBUG - [worker_automatizacion:129] - 'PataPicoAmarillo' no encontrado.
2025-10-30 02:20:16,322 - DEBUG - [controles:57] - Esperando 0.62 segundos...
2025-10-30 02:20:17,331 - DEBUG - [worker_automatizacion:129] - 'PataPicoAmarillo' no encontrado.
2025-10-30 02:20:17,355 - DEBUG - [controles:57] - Esperando 0.92 segundos...
2025-10-30 02:20:18,645 - DEBUG - [worker_automatizacion:129] - 'PataPicoAmarillo' no encontrado.
2025-10-30 02:20:18,652 - DEBUG - [controles:57] - Esperando 0.59 segundos...
2025-10-30 02:20:19,809 - DEBUG - [worker_automatizacion:129] - 'PataPicoAmarillo' no encontrado.
2025-10-30 02:20:19,810 - DEBUG - [controles:57] - Esperando 0.95 segundos...
2025-10-30 02:20:21,663 - DEBUG - [worker_automatizacion:129] - 'PataPicoAmarillo' no encontrado.
2025-10-30 02:20:21,675 - DEBUG - [controles:57] - Esperando 0.86 segundos...
2025-10-30 02:20:23,264 - DEBUG - [worker_automatizacion:129] - 'PataPicoAmarillo' no encontrado.
2025-10-30 02:20:23,264 - DEBUG - [controles:57] - Esperando 0.94 segundos...
2025-10-30 02:20:24,844 - DEBUG - [worker_automatizacion:129] - 'PataPicoAmarillo' no encontrado.
2025-10-30 02:20:24,860 - DEBUG - [controles:57] - Esperando 0.50 segundos...
2025-10-30 02:20:25,939 - DEBUG - [worker_automatizacion:129] - 'PataPicoAmarillo' no encontrado.
2025-10-30 02:20:25,940 - DEBUG - [controles:57] - Esperando 0.66 segundos...
2025-10-30 02:20:27,223 - DEBUG - [worker_automatizacion:129] - 'PataPicoAmarillo' no encontrado.
2025-10-30 02:20:27,224 - DEBUG - [controles:57] - Esperando 0.57 segundos...
2025-10-30 02:20:28,443 - DEBUG - [worker_automatizacion:129] - 'PataPicoAmarillo' no encontrado.
2025-10-30 02:20:28,464 - DEBUG - [controles:57] - Esperando 0.65 segundos...
2025-10-30 02:20:29,823 - DEBUG - [worker_automatizacion:129] - 'PataPicoAmarillo' no encontrado.
2025-10-30 02:20:29,898 - DEBUG - [controles:57] - Esperando 0.78 segundos...
2025-10-30 02:20:31,243 - DEBUG - [worker_automatizacion:129] - 'PataPicoAmarillo' no encontrado.
2025-10-30 02:20:31,243 - DEBUG - [controles:57] - Esperando 0.51 segundos...
2025-10-30 02:20:32,116 - DEBUG - [worker_automatizacion:129] - 'PataPicoAmarillo' no encontrado.
2025-10-30 02:20:32,123 - DEBUG - [controles:57] - Esperando 0.84 segundos...
2025-10-30 02:20:33,376 - DEBUG - [worker_automatizacion:129] - 'PataPicoAmarillo' no encontrado.
2025-10-30 02:20:33,401 - DEBUG - [controles:57] - Esperando 0.80 segundos...
2025-10-30 02:20:34,603 - DEBUG - [worker_automatizacion:129] - 'PataPicoAmarillo' no encontrado.
2025-10-30 02:20:34,610 - DEBUG - [controles:57] - Esperando 0.61 segundos...
2025-10-30 02:20:34,656 - INFO - [worker_automatizacion:164] - Hotkey de pánico des-registrada.
2025-10-30 02:20:35,224 - INFO - [worker_automatizacion:153] - Prueba finalizada (tiempo agotado o detenida).
2025-10-30 20:37:32,605 - INFO - [logger:39] - Logging configurado.
2025-10-30 20:37:33,017 - INFO - [main:31] - Iniciando aplicación QA_Tool...
2025-10-30 20:37:33,070 - INFO - [main_window:14] - Inicializando MainWindow...
2025-10-30 20:37:33,851 - INFO - [main_window:34] - Pestañas añadidas a la ventana.
2025-10-30 20:37:33,925 - INFO - [main:39] - Aplicación iniciada. Ejecutando loop de eventos.
2025-10-30 20:39:46,612 - INFO - [tab_calibracion:162] - Imagen mock cargada: D:/Abotpirates/Herramienta_QA_Local/test_images/Captura de pantalla (1).png
2025-10-30 20:39:56,236 - WARNING - [tab_calibracion:172] - Intento de guardar zona sin nombre o área.
2025-10-30 20:39:57,309 - DEBUG - [tab_calibracion:37] - Inicio de selección de área en PySide6.QtCore.QPoint(298, 72)
2025-10-30 20:39:59,396 - DEBUG - [tab_calibracion:50] - Área seleccionada: PySide6.QtCore.QRect(298, 72, 942, 633)
2025-10-30 20:40:04,070 - INFO - [tab_calibracion:177] - Zona guardada: ej: BotonCambiarPantalla -> (298, 72, 942, 633)
2025-10-30 20:40:14,702 - INFO - [worker_automatizacion:44] - Hotkey de pánico registrada: ctrl+alt+q
2025-10-30 20:40:14,719 - INFO - [simulacion:13] - SimulationManager inicializado.
2025-10-30 20:40:15,505 - DEBUG - [worker_automatizacion:129] - 'PataPicoAmarillo' no encontrado.
2025-10-30 20:40:15,506 - DEBUG - [controles:57] - Esperando 0.88 segundos...
2025-10-30 20:40:16,576 - DEBUG - [worker_automatizacion:129] - 'PataPicoAmarillo' no encontrado.
2025-10-30 20:40:16,576 - DEBUG - [controles:57] - Esperando 0.60 segundos...
2025-10-30 20:40:17,347 - DEBUG - [worker_automatizacion:129] - 'PataPicoAmarillo' no encontrado.
2025-10-30 20:40:17,347 - DEBUG - [controles:57] - Esperando 0.72 segundos...
2025-10-30 20:40:18,259 - DEBUG - [worker_automatizacion:129] - 'PataPicoAmarillo' no encontrado.
2025-10-30 20:40:18,260 - DEBUG - [controles:57] - Esperando 0.83 segundos...
2025-10-30 20:40:19,297 - DEBUG - [worker_automatizacion:129] - 'PataPicoAmarillo' no encontrado.
2025-10-30 20:40:19,298 - DEBUG - [controles:57] - Esperando 0.76 segundos...
2025-10-30 20:40:20,245 - DEBUG - [worker_automatizacion:129] - 'PataPicoAmarillo' no encontrado.
2025-10-30 20:40:20,246 - DEBUG - [controles:57] - Esperando 0.84 segundos...
2025-10-30 20:40:20,919 - INFO - [worker_automatizacion:164] - Hotkey de pánico des-registrada.
2025-10-30 20:40:21,093 - INFO - [worker_automatizacion:153] - Prueba finalizada (tiempo agotado o detenida).
2025-10-30 20:40:26,853 - INFO - [tab_calibracion:177] - Zona guardada: ej: BotonCambiarPantalla -> (298, 72, 942, 633)
2025-10-30 20:40:28,717 - DEBUG - [tab_calibracion:37] - Inicio de selección de área en PySide6.QtCore.QPoint(1063, 540)
2025-10-30 20:40:31,228 - DEBUG - [tab_calibracion:50] - Área seleccionada: PySide6.QtCore.QRect(1063, 540, 301, 223)
2025-10-30 20:40:32,941 - INFO - [tab_calibracion:177] - Zona guardada: ej: BotonCambiarPantalla -> (1063, 540, 301, 223)
2025-10-30 20:40:44,577 - INFO - [worker_automatizacion:44] - Hotkey de pánico registrada: ctrl+alt+q
2025-10-30 20:40:44,580 - INFO - [simulacion:13] - SimulationManager inicializado.
2025-10-30 20:40:44,896 - DEBUG - [worker_automatizacion:129] - 'BotonReparar' no encontrado.
2025-10-30 20:40:44,897 - DEBUG - [controles:57] - Esperando 0.76 segundos...
2025-10-30 20:42:09,333 - WARNING - [main_window:39] - Intento de cierre mientras el worker está activo.
2025-10-30 20:42:14,736 - INFO - [worker_automatizacion:164] - Hotkey de pánico des-registrada.
2025-10-31 00:11:43,650 - INFO - [logger:39] - Logging configurado.
2025-10-31 00:11:44,240 - INFO - [main:31] - Iniciando aplicación QA_Tool...
2025-10-31 00:11:44,339 - INFO - [main_window:15] - Inicializando MainWindow...
2025-10-31 00:11:45,294 - INFO - [main_window:49] - Hotkeys globales (F6 y Ctrl+Alt+Q) registrados correctamente.
2025-10-31 00:11:45,295 - INFO - [main_window:36] - Pestañas añadidas y hotkeys registrados.
2025-10-31 00:11:45,427 - INFO - [main:39] - Aplicación iniciada. Ejecutando loop de eventos.
